<?xml version="1.0" encoding="UTF-8"?>
<!-- Generated by org.testng.reporters.JUnitReportReporter -->
<testsuite skipped="0" hostname="DESKTOP-J5R1FDI" name="com.training.sanity.tests.Testcase_Med1" tests="1" failures="0" timestamp="29 Jan 2020 14:19:45 GMT" time="8.097" errors="0">
  <testcase name="validLoginTest" time="8.097" classname="com.training.sanity.tests.Testcase_Med1"/>
</testsuite> <!-- com.training.sanity.tests.Testcase_Med1 -->
