<?xml version="1.0" encoding="UTF-8"?>
<!-- Generated by org.testng.reporters.JUnitReportReporter -->
<testsuite skipped="0" hostname="DESKTOP-J5R1FDI" name="com.training.sanity.tests.Testcase3" tests="1" failures="0" timestamp="29 Jan 2020 14:15:35 GMT" time="4.783" errors="0">
  <testcase name="validLoginTest" time="4.783" classname="com.training.sanity.tests.Testcase3"/>
</testsuite> <!-- com.training.sanity.tests.Testcase3 -->
