<?xml version="1.0" encoding="UTF-8"?>
<!-- Generated by org.testng.reporters.JUnitReportReporter -->
<testsuite hostname="DESKTOP-J5R1FDI" name="com.training.regression.tests.LoginExcelTest" tests="4" failures="0" timestamp="2 Aug 2019 12:48:30 GMT" time="81.843" errors="0">
  <testcase name="loginDBTest" time="21.522" classname="com.training.regression.tests.LoginExcelTest"/>
  <testcase name="loginDBTest" time="20.552" classname="com.training.regression.tests.LoginExcelTest"/>
  <testcase name="loginDBTest" time="20.152" classname="com.training.regression.tests.LoginExcelTest"/>
  <testcase name="loginDBTest" time="19.617" classname="com.training.regression.tests.LoginExcelTest"/>
</testsuite> <!-- com.training.regression.tests.LoginExcelTest -->
